\BOOKMARK [1][-]{section.1}{\376\377\000I\000n\000t\000r\000o\000d\000u\000c\000t\000i\000o\000n}{}% 1
\BOOKMARK [2][-]{subsection.1.1}{\376\377\000W\000h\000a\000t\000\040\000c\000a\000n\000\040\000P\000W\000s\000c\000f\000\040\000d\000o}{section.1}% 2
\BOOKMARK [2][-]{subsection.1.2}{\376\377\000P\000e\000o\000p\000l\000e}{section.1}% 3
\BOOKMARK [2][-]{subsection.1.3}{\376\377\000T\000e\000r\000m\000s\000\040\000o\000f\000\040\000u\000s\000e}{section.1}% 4
\BOOKMARK [1][-]{section.2}{\376\377\000C\000o\000m\000p\000i\000l\000a\000t\000i\000o\000n}{}% 5
\BOOKMARK [1][-]{section.3}{\376\377\000U\000s\000i\000n\000g\000\040\000P\000W\000s\000c\000f}{}% 6
\BOOKMARK [2][-]{subsection.3.1}{\376\377\000I\000n\000p\000u\000t\000\040\000d\000a\000t\000a}{section.3}% 7
\BOOKMARK [2][-]{subsection.3.2}{\376\377\000D\000a\000t\000a\000\040\000f\000i\000l\000e\000s}{section.3}% 8
\BOOKMARK [2][-]{subsection.3.3}{\376\377\000E\000l\000e\000c\000t\000r\000o\000n\000i\000c\000\040\000s\000t\000r\000u\000c\000t\000u\000r\000e\000\040\000c\000a\000l\000c\000u\000l\000a\000t\000i\000o\000n\000s}{section.3}% 9
\BOOKMARK [2][-]{subsection.3.4}{\376\377\000O\000p\000t\000i\000m\000i\000z\000a\000t\000i\000o\000n\000\040\000a\000n\000d\000\040\000d\000y\000n\000a\000m\000i\000c\000s}{section.3}% 10
\BOOKMARK [2][-]{subsection.3.5}{\376\377\000D\000i\000r\000e\000c\000t\000\040\000i\000n\000t\000e\000r\000f\000a\000c\000e\000\040\000w\000i\000t\000h\000\040\000C\000A\000S\000I\000N\000O}{section.3}% 11
\BOOKMARK [2][-]{subsection.3.6}{\376\377\000S\000o\000c\000k\000e\000t\000\040\000i\000n\000t\000e\000r\000f\000a\000c\000e\000\040\000w\000i\000t\000h\000\040\000i\000-\000P\000I}{section.3}% 12
\BOOKMARK [1][-]{section.4}{\376\377\000P\000e\000r\000f\000o\000r\000m\000a\000n\000c\000e\000s}{}% 13
\BOOKMARK [2][-]{subsection.4.1}{\376\377\000E\000x\000e\000c\000u\000t\000i\000o\000n\000\040\000t\000i\000m\000e}{section.4}% 14
\BOOKMARK [2][-]{subsection.4.2}{\376\377\000M\000e\000m\000o\000r\000y\000\040\000r\000e\000q\000u\000i\000r\000e\000m\000e\000n\000t\000s}{section.4}% 15
\BOOKMARK [2][-]{subsection.4.3}{\376\377\000F\000i\000l\000e\000\040\000s\000p\000a\000c\000e\000\040\000r\000e\000q\000u\000i\000r\000e\000m\000e\000n\000t\000s}{section.4}% 16
\BOOKMARK [2][-]{subsection.4.4}{\376\377\000P\000a\000r\000a\000l\000l\000e\000l\000i\000z\000a\000t\000i\000o\000n\000\040\000i\000s\000s\000u\000e\000s}{section.4}% 17
\BOOKMARK [2][-]{subsection.4.5}{\376\377\000U\000n\000d\000e\000r\000s\000t\000a\000n\000d\000i\000n\000g\000\040\000t\000h\000e\000\040\000t\000i\000m\000e\000\040\000r\000e\000p\000o\000r\000t}{section.4}% 18
\BOOKMARK [3][-]{subsubsection.4.5.1}{\376\377\000S\000e\000r\000i\000a\000l\000\040\000e\000x\000e\000c\000u\000t\000i\000o\000n}{subsection.4.5}% 19
\BOOKMARK [3][-]{subsubsection.4.5.2}{\376\377\000P\000a\000r\000a\000l\000l\000e\000l\000\040\000e\000x\000e\000c\000u\000t\000i\000o\000n}{subsection.4.5}% 20
\BOOKMARK [2][-]{subsection.4.6}{\376\377\000R\000e\000s\000t\000a\000r\000t\000i\000n\000g}{section.4}% 21
\BOOKMARK [3][-]{subsubsection.4.6.1}{\376\377\000S\000i\000g\000n\000a\000l\000\040\000t\000r\000a\000p\000p\000i\000n\000g\000\040\000\050\000e\000x\000p\000e\000r\000i\000m\000e\000n\000t\000a\000l\000!\000\051}{subsection.4.6}% 22
\BOOKMARK [1][-]{section.5}{\376\377\000T\000r\000o\000u\000b\000l\000e\000s\000h\000o\000o\000t\000i\000n\000g}{}% 23
